<?xml version="1.0" encoding="UTF-8"?>
<testsuite name="com.bmcl.numbers.DivisibleByFilterTest" tests="2" skipped="0" failures="0" errors="0" timestamp="2024-10-17T11:18:08" hostname="MOBLEIDT" time="0.006">
  <properties/>
  <testcase name="acceptDivideBy2()" classname="com.bmcl.numbers.DivisibleByFilterTest" time="0.006"/>
  <testcase name="acceptDivideBy3()" classname="com.bmcl.numbers.DivisibleByFilterTest" time="0.0"/>
  <system-out><![CDATA[]]></system-out>
  <system-err><![CDATA[]]></system-err>
</testsuite>
