<?xml version="1.0" encoding="UTF-8"?>
<testsuite name="com.bmcl.numbers.ListDeduplicatorSpockTest" tests="2" skipped="0" failures="0" errors="0" timestamp="2024-10-16T10:22:28" hostname="MOBLEIDT" time="0.003">
  <properties/>
  <testcase name="deduplicate" classname="com.bmcl.numbers.ListDeduplicatorSpockTest" time="0.002"/>
  <testcase name="bug deduplicate 8726" classname="com.bmcl.numbers.ListDeduplicatorSpockTest" time="0.0"/>
  <system-out><![CDATA[]]></system-out>
  <system-err><![CDATA[]]></system-err>
</testsuite>
