<?xml version="1.0" encoding="UTF-8"?>
<testsuite name="ListSorterTest" tests="1" skipped="0" failures="0" errors="0" timestamp="2024-10-08T21:40:51" hostname="MOBLEIDT" time="0.012">
  <properties/>
  <testcase name="sort()" classname="ListSorterTest" time="0.012"/>
  <system-out><![CDATA[]]></system-out>
  <system-err><![CDATA[]]></system-err>
</testsuite>
