<?xml version="1.0" encoding="UTF-8"?>
<testsuite name="com.bmcl.numbers.DivideTest" tests="2" skipped="0" failures="0" errors="0" timestamp="2024-10-15T20:32:36" hostname="MOBLEIDT" time="0.088">
  <properties/>
  <testcase name="acceptDivideBy2()" classname="com.bmcl.numbers.DivideTest" time="0.087"/>
  <testcase name="acceptDivideBy3()" classname="com.bmcl.numbers.DivideTest" time="0.001"/>
  <system-out><![CDATA[]]></system-out>
  <system-err><![CDATA[]]></system-err>
</testsuite>
