<?xml version="1.0" encoding="UTF-8"?>
<testsuite name="ListDeduplicatorTest" tests="1" skipped="0" failures="0" errors="0" timestamp="2024-10-08T19:50:44" hostname="MOBLEIDT" time="0.002">
  <properties/>
  <testcase name="deduplicate()" classname="ListDeduplicatorTest" time="0.002"/>
  <system-out><![CDATA[]]></system-out>
  <system-err><![CDATA[]]></system-err>
</testsuite>
