<?xml version="1.0" encoding="UTF-8"?>
<testsuite name="com.bmcl.numbers.ListDeduplicatorTest" tests="2" skipped="0" failures="0" errors="0" timestamp="2024-10-16T10:22:29" hostname="MOBLEIDT" time="0.012">
  <properties/>
  <testcase name="deduplicate()" classname="com.bmcl.numbers.ListDeduplicatorTest" time="0.01"/>
  <testcase name="bug_deduplicate_8726()" classname="com.bmcl.numbers.ListDeduplicatorTest" time="0.002"/>
  <system-out><![CDATA[]]></system-out>
  <system-err><![CDATA[]]></system-err>
</testsuite>
