<?xml version="1.0" encoding="UTF-8"?>
<testsuite name="com.bmcl.numbers.ListFiltererTest" tests="1" skipped="0" failures="0" errors="0" timestamp="2024-10-16T10:22:29" hostname="MOBLEIDT" time="0.011">
  <properties/>
  <testcase name="filter()" classname="com.bmcl.numbers.ListFiltererTest" time="0.011"/>
  <system-out><![CDATA[]]></system-out>
  <system-err><![CDATA[]]></system-err>
</testsuite>
