<?xml version="1.0" encoding="UTF-8"?>
<testsuite name="com.bmcl.numbers.ListpositiveTest" tests="1" skipped="0" failures="0" errors="0" timestamp="2024-10-15T20:32:38" hostname="MOBLEIDT" time="0.0">
  <properties/>
  <testcase name="testPositiveFilter()" classname="com.bmcl.numbers.ListpositiveTest" time="0.0"/>
  <system-out><![CDATA[]]></system-out>
  <system-err><![CDATA[]]></system-err>
</testsuite>
