<?xml version="1.0" encoding="UTF-8"?>
<testsuite name="com.bmcl.numbers.DivisibleByFilterSpockTest" tests="2" skipped="0" failures="0" errors="0" timestamp="2024-10-17T11:18:07" hostname="MOBLEIDT" time="0.357">
  <properties/>
  <testcase name="acceptDivideBy2" classname="com.bmcl.numbers.DivisibleByFilterSpockTest" time="0.353"/>
  <testcase name="acceptDivideBy3" classname="com.bmcl.numbers.DivisibleByFilterSpockTest" time="0.004"/>
  <system-out><![CDATA[]]></system-out>
  <system-err><![CDATA[]]></system-err>
</testsuite>
