<?xml version="1.0" encoding="UTF-8"?>
<testsuite name="com.bmcl.numbers.DivisibleByFilterSpockTest" tests="2" skipped="0" failures="0" errors="0" timestamp="2024-10-16T10:22:27" hostname="MOBLEIDT" time="0.321">
  <properties/>
  <testcase name="acceptDivideBy2" classname="com.bmcl.numbers.DivisibleByFilterSpockTest" time="0.317"/>
  <testcase name="acceptDivideBy3" classname="com.bmcl.numbers.DivisibleByFilterSpockTest" time="0.003"/>
  <system-out><![CDATA[]]></system-out>
  <system-err><![CDATA[]]></system-err>
</testsuite>
