<?xml version="1.0" encoding="UTF-8"?>
<testsuite name="com.bmcl.numbers.ListFiltererTest" tests="3" skipped="0" failures="0" errors="0" timestamp="2024-10-15T09:30:05" hostname="MOBLEIDT" time="0.008">
  <properties/>
  <testcase name="testDivisibleByFilter()" classname="com.bmcl.numbers.ListFiltererTest" time="0.004"/>
  <testcase name="testEmptyList()" classname="com.bmcl.numbers.ListFiltererTest" time="0.003"/>
  <testcase name="testPositiveFilter()" classname="com.bmcl.numbers.ListFiltererTest" time="0.0"/>
  <system-out><![CDATA[]]></system-out>
  <system-err><![CDATA[]]></system-err>
</testsuite>
