<?xml version="1.0" encoding="UTF-8"?>
<testsuite name="com.bmcl.numbers.ListAggregatorTest" tests="4" skipped="0" failures="0" errors="0" timestamp="2024-10-07T18:52:27" hostname="MOBLEIDT" time="0.038">
  <properties/>
  <testcase name="max()" classname="com.bmcl.numbers.ListAggregatorTest" time="0.028"/>
  <testcase name="min()" classname="com.bmcl.numbers.ListAggregatorTest" time="0.001"/>
  <testcase name="sum()" classname="com.bmcl.numbers.ListAggregatorTest" time="0.002"/>
  <testcase name="distinct()" classname="com.bmcl.numbers.ListAggregatorTest" time="0.003"/>
  <system-out><![CDATA[]]></system-out>
  <system-err><![CDATA[]]></system-err>
</testsuite>
