<?xml version="1.0" encoding="UTF-8"?>
<testsuite name="com.bmcl.numbers.ListSorterTest" tests="2" skipped="0" failures="0" errors="0" timestamp="2024-10-16T10:22:29" hostname="MOBLEIDT" time="0.001">
  <properties/>
  <testcase name="sort()" classname="com.bmcl.numbers.ListSorterTest" time="0.0"/>
  <testcase name="bug_sort_8276()" classname="com.bmcl.numbers.ListSorterTest" time="0.0"/>
  <system-out><![CDATA[]]></system-out>
  <system-err><![CDATA[]]></system-err>
</testsuite>
