<?xml version="1.0" encoding="UTF-8"?>
<testsuite name="com.bmcl.numbers.PositiveFilterSpockTest" tests="1" skipped="0" failures="0" errors="0" timestamp="2024-10-16T10:22:28" hostname="MOBLEIDT" time="0.002">
  <properties/>
  <testcase name="testPositiveFilter" classname="com.bmcl.numbers.PositiveFilterSpockTest" time="0.002"/>
  <system-out><![CDATA[]]></system-out>
  <system-err><![CDATA[]]></system-err>
</testsuite>
